SF:lib/core/models/data_model/data_model.dart
DA:12,0
DA:14,0
DA:23,0
DA:24,0
DA:35,0
LF:5
LH:0
end_of_record
SF:lib/core/models/data_model/data_model.g.dart
DA:9,0
DA:10,0
DA:11,0
DA:12,0
DA:13,0
DA:17,0
DA:18,0
DA:19,0
DA:20,0
DA:23,0
DA:24,0
DA:25,0
DA:26,0
DA:29,0
DA:30,0
DA:31,0
DA:32,0
LF:17
LH:0
end_of_record
SF:lib/features/home/widgets/home_page_success.dart
DA:11,1
DA:12,0
DA:14,1
DA:15,1
DA:23,1
DA:25,1
DA:26,1
DA:27,4
DA:30,1
DA:31,0
DA:32,0
DA:34,1
DA:37,1
DA:38,1
DA:41,1
DA:42,0
DA:43,0
DA:48,1
DA:49,1
DA:50,3
DA:51,0
DA:52,0
DA:53,0
DA:54,0
DA:57,2
DA:61,4
DA:65,0
DA:66,0
DA:67,0
DA:68,0
DA:79,1
DA:81,2
DA:83,1
LF:33
LH:20
end_of_record
SF:lib/core/repository/home_repository.dart
DA:11,0
DA:13,0
DA:14,0
DA:15,0
DA:18,0
DA:19,0
DA:26,0
DA:28,0
DA:29,0
LF:9
LH:0
end_of_record
SF:lib/core/widgets/custom_text_field.dart
DA:9,1
DA:15,1
DA:17,1
DA:19,1
DA:21,1
DA:22,1
DA:23,1
DA:26,1
DA:27,1
DA:29,1
DA:31,1
DA:34,1
LF:12
LH:12
end_of_record
SF:lib/features/home/bloc/home_state.dart
DA:4,0
DA:6,0
DA:7,0
DA:18,0
DA:23,0
DA:24,0
DA:30,0
LF:7
LH:0
end_of_record
SF:lib/features/home/bloc/home_bloc.dart
DA:12,0
DA:13,0
DA:14,0
DA:15,0
DA:16,0
DA:18,0
DA:19,0
DA:20,0
DA:24,0
DA:25,0
LF:10
LH:0
end_of_record
SF:lib/features/home/bloc/home_event.dart
DA:4,0
DA:6,0
DA:7,0
LF:3
LH:0
end_of_record
SF:lib/features/home/pages/home_page.dart
DA:7,0
DA:9,0
DA:11,0
DA:13,0
DA:14,0
DA:15,0
DA:22,0
DA:29,0
DA:30,0
DA:32,0
DA:33,0
DA:34,0
DA:35,0
DA:39,0
LF:14
LH:0
end_of_record
SF:lib/features/home/widgets/home_page_list.dart
DA:10,0
DA:14,0
DA:16,0
DA:18,0
DA:21,0
DA:22,0
DA:23,0
DA:24,0
DA:25,0
DA:27,0
DA:28,0
DA:29,0
DA:31,0
DA:34,0
DA:35,0
DA:37,0
DA:39,0
DA:40,0
DA:41,0
DA:43,0
DA:44,0
DA:46,0
DA:47,0
DA:48,0
LF:24
LH:0
end_of_record
SF:lib/features/home/widgets/image_widget.dart
DA:6,0
DA:8,0
DA:10,0
DA:12,0
DA:13,0
DA:15,0
DA:16,0
DA:19,0
DA:20,0
DA:21,0
DA:22,0
DA:24,0
DA:30,0
DA:31,0
DA:32,0
DA:33,0
DA:34,0
DA:39,0
LF:18
LH:0
end_of_record
